<?xml version="1.0" encoding="UTF-8"?>
<testsuite xmlns:xsi="http://www.w3.org/2001/XMLSchema-instance" xsi:noNamespaceSchemaLocation="https://maven.apache.org/surefire/maven-surefire-plugin/xsd/surefire-test-report.xsd" name="nl.bjornvanderlaan.springwebfluxkotlinfunctional.CatRouterTest" time="5.471" tests="10" errors="0" skipped="0" failures="0">
  <properties>
[...]
</properties>
  <testcase name="Retrieve cat by non-existing id" classname="nl.bjornvanderlaan.springwebfluxkotlinfunctional.CatRouterTest" time="0.807"/>
  <testcase name="Update cat with non-existing id" classname="nl.bjornvanderlaan.springwebfluxkotlinfunctional.CatRouterTest" time="0.254"/>
  <testcase name="Add a new cat" classname="nl.bjornvanderlaan.springwebfluxkotlinfunctional.CatRouterTest" time="0.058"/>
  <testcase name="Retrieve all cats" classname="nl.bjornvanderlaan.springwebfluxkotlinfunctional.CatRouterTest" time="0.135"/>
  <testcase name="Update cat with empty request body id" classname="nl.bjornvanderlaan.springwebfluxkotlinfunctional.CatRouterTest" time="0.038"/>
  <testcase name="Add a new cat with empty request body" classname="nl.bjornvanderlaan.springwebfluxkotlinfunctional.CatRouterTest" time="0.014"/>
  <testcase name="Retrieve cat by existing id" classname="nl.bjornvanderlaan.springwebfluxkotlinfunctional.CatRouterTest" time="0.028"/>
  <testcase name="Delete cat by non-existing id" classname="nl.bjornvanderlaan.springwebfluxkotlinfunctional.CatRouterTest" time="0.029"/>
  <testcase name="Delete cat with existing id" classname="nl.bjornvanderlaan.springwebfluxkotlinfunctional.CatRouterTest" time="0.016"/>
  <testcase name="Update a cat" classname="nl.bjornvanderlaan.springwebfluxkotlinfunctional.CatRouterTest" time="0.018"/>
</testsuite>